2026-06-19 16:32:38.615 Uvicorn server started on 0.0.0.0:8501
2026-06-19 16:33:08.420 `label` got an empty value. This is discouraged for accessibility reasons and may be disallowed in the future by raising an exception. Please provide a non-empty label and hide it with label_visibility if needed.
Stack (most recent call last):
  File "C:\Users\ACER\AppData\Local\Programs\Python\Python312\Lib\threading.py", line 1032, in _bootstrap
    self._bootstrap_inner()
  File "C:\Users\ACER\AppData\Local\Programs\Python\Python312\Lib\threading.py", line 1075, in _bootstrap_inner
    self.run()
  File "C:\Users\ACER\AppData\Local\Programs\Python\Python312\Lib\threading.py", line 1012, in run
    self._target(*self._args, **self._kwargs)
  File "C:\Users\ACER\AppData\Local\Programs\Python\Python312\Lib\site-packages\streamlit\runtime\scriptrunner\script_runner.py", line 419, in _run_script_thread
    self._run_script(request.rerun_data)
  File "C:\Users\ACER\AppData\Local\Programs\Python\Python312\Lib\site-packages\streamlit\runtime\scriptrunner\script_runner.py", line 814, in _run_script
    ) = exec_func_with_error_handling(code_to_exec, ctx)
  File "C:\Users\ACER\AppData\Local\Programs\Python\Python312\Lib\site-packages\streamlit\runtime\scriptrunner\exec_code.py", line 129, in exec_func_with_error_handling
    result = func()
  File "C:\Users\ACER\AppData\Local\Programs\Python\Python312\Lib\site-packages\streamlit\runtime\scriptrunner\script_runner.py", line 789, in code_to_exec
    exec(code, module.__dict__)  # noqa: S102
  File "E:\Nepal Economics Insight\app\dashboard.py", line 203, in <module>
    year_range = st.slider("", YEAR_MIN, YEAR_MAX, key="yr_range", label_visibility="collapsed")
  File "C:\Users\ACER\AppData\Local\Programs\Python\Python312\Lib\site-packages\streamlit\runtime\metrics_util.py", line 698, in wrapped_func
    result = non_optional_func(*args, **kwargs)
  File "C:\Users\ACER\AppData\Local\Programs\Python\Python312\Lib\site-packages\streamlit\elements\widgets\slider.py", line 721, in slider
    return self._slider(
  File "C:\Users\ACER\AppData\Local\Programs\Python\Python312\Lib\site-packages\streamlit\elements\widgets\slider.py", line 768, in _slider
    maybe_raise_label_warnings(label, label_visibility)
  File "C:\Users\ACER\AppData\Local\Programs\Python\Python312\Lib\site-packages\streamlit\elements\lib\policies.py", line 194, in maybe_raise_label_warnings
    _LOGGER.warning(
2026-06-19 16:33:08.769 Please replace `use_container_width` with `width`.

`use_container_width` will be removed after 2025-12-31.

For `use_container_width=True`, use `width='stretch'`. For `use_container_width=False`, use `width='content'`.
2026-06-19 16:33:08.814 Please replace `use_container_width` with `width`.

`use_container_width` will be removed after 2025-12-31.

For `use_container_width=True`, use `width='stretch'`. For `use_container_width=False`, use `width='content'`.
2026-06-19 16:33:08.828 Please replace `use_container_width` with `width`.

`use_container_width` will be removed after 2025-12-31.

For `use_container_width=True`, use `width='stretch'`. For `use_container_width=False`, use `width='content'`.
2026-06-19 16:33:08.881 Please replace `use_container_width` with `width`.

`use_container_width` will be removed after 2025-12-31.

For `use_container_width=True`, use `width='stretch'`. For `use_container_width=False`, use `width='content'`.
2026-06-19 16:33:08.922 Please replace `use_container_width` with `width`.

`use_container_width` will be removed after 2025-12-31.

For `use_container_width=True`, use `width='stretch'`. For `use_container_width=False`, use `width='content'`.
2026-06-19 16:33:09.022 Please replace `use_container_width` with `width`.

`use_container_width` will be removed after 2025-12-31.

For `use_container_width=True`, use `width='stretch'`. For `use_container_width=False`, use `width='content'`.
2026-06-19 16:33:09.060 Please replace `use_container_width` with `width`.

`use_container_width` will be removed after 2025-12-31.

For `use_container_width=True`, use `width='stretch'`. For `use_container_width=False`, use `width='content'`.
2026-06-19 16:33:09.098 Please replace `use_container_width` with `width`.

`use_container_width` will be removed after 2025-12-31.

For `use_container_width=True`, use `width='stretch'`. For `use_container_width=False`, use `width='content'`.
2026-06-19 16:33:09.117 Please replace `use_container_width` with `width`.

`use_container_width` will be removed after 2025-12-31.

For `use_container_width=True`, use `width='stretch'`. For `use_container_width=False`, use `width='content'`.
2026-06-19 16:33:09.133 Please replace `use_container_width` with `width`.

`use_container_width` will be removed after 2025-12-31.

For `use_container_width=True`, use `width='stretch'`. For `use_container_width=False`, use `width='content'`.
2026-06-19 16:33:09.147 Please replace `use_container_width` with `width`.

`use_container_width` will be removed after 2025-12-31.

For `use_container_width=True`, use `width='stretch'`. For `use_container_width=False`, use `width='content'`.
2026-06-19 16:33:09.174 Please replace `use_container_width` with `width`.

`use_container_width` will be removed after 2025-12-31.

For `use_container_width=True`, use `width='stretch'`. For `use_container_width=False`, use `width='content'`.
2026-06-19 16:33:09.319 Please replace `use_container_width` with `width`.

`use_container_width` will be removed after 2025-12-31.

For `use_container_width=True`, use `width='stretch'`. For `use_container_width=False`, use `width='content'`.
2026-06-19 16:33:25.516 `label` got an empty value. This is discouraged for accessibility reasons and may be disallowed in the future by raising an exception. Please provide a non-empty label and hide it with label_visibility if needed.
Stack (most recent call last):
  File "C:\Users\ACER\AppData\Local\Programs\Python\Python312\Lib\threading.py", line 1032, in _bootstrap
    self._bootstrap_inner()
  File "C:\Users\ACER\AppData\Local\Programs\Python\Python312\Lib\threading.py", line 1075, in _bootstrap_inner
    self.run()
  File "C:\Users\ACER\AppData\Local\Programs\Python\Python312\Lib\threading.py", line 1012, in run
    self._target(*self._args, **self._kwargs)
  File "C:\Users\ACER\AppData\Local\Programs\Python\Python312\Lib\site-packages\streamlit\runtime\scriptrunner\script_runner.py", line 419, in _run_script_thread
    self._run_script(request.rerun_data)
  File "C:\Users\ACER\AppData\Local\Programs\Python\Python312\Lib\site-packages\streamlit\runtime\scriptrunner\script_runner.py", line 814, in _run_script
    ) = exec_func_with_error_handling(code_to_exec, ctx)
  File "C:\Users\ACER\AppData\Local\Programs\Python\Python312\Lib\site-packages\streamlit\runtime\scriptrunner\exec_code.py", line 129, in exec_func_with_error_handling
    result = func()
  File "C:\Users\ACER\AppData\Local\Programs\Python\Python312\Lib\site-packages\streamlit\runtime\scriptrunner\script_runner.py", line 789, in code_to_exec
    exec(code, module.__dict__)  # noqa: S102
  File "E:\Nepal Economics Insight\app\dashboard.py", line 203, in <module>
    year_range = st.slider("", YEAR_MIN, YEAR_MAX, key="yr_range", label_visibility="collapsed")
  File "C:\Users\ACER\AppData\Local\Programs\Python\Python312\Lib\site-packages\streamlit\runtime\metrics_util.py", line 698, in wrapped_func
    result = non_optional_func(*args, **kwargs)
  File "C:\Users\ACER\AppData\Local\Programs\Python\Python312\Lib\site-packages\streamlit\elements\widgets\slider.py", line 721, in slider
    return self._slider(
  File "C:\Users\ACER\AppData\Local\Programs\Python\Python312\Lib\site-packages\streamlit\elements\widgets\slider.py", line 768, in _slider
    maybe_raise_label_warnings(label, label_visibility)
  File "C:\Users\ACER\AppData\Local\Programs\Python\Python312\Lib\site-packages\streamlit\elements\lib\policies.py", line 194, in maybe_raise_label_warnings
    _LOGGER.warning(
2026-06-19 16:33:25.529 Uncaught app execution
Traceback (most recent call last):
  File "C:\Users\ACER\AppData\Local\Programs\Python\Python312\Lib\site-packages\streamlit\runtime\scriptrunner\exec_code.py", line 129, in exec_func_with_error_handling
    result = func()
             ^^^^^^
  File "C:\Users\ACER\AppData\Local\Programs\Python\Python312\Lib\site-packages\streamlit\runtime\scriptrunner\script_runner.py", line 789, in code_to_exec
    exec(code, module.__dict__)  # noqa: S102
    ^^^^^^^^^^^^^^^^^^^^^^^^^^^
  File "E:\Nepal Economics Insight\app\dashboard.py", line 268, in <module>
    st.session_state.yr_range = (max(YEAR_MIN, YEAR_MAX - 9), YEAR_MAX)
    ^^^^^^^^^^^^^^^^^^^^^^^^^
  File "C:\Users\ACER\AppData\Local\Programs\Python\Python312\Lib\site-packages\streamlit\runtime\metrics_util.py", line 698, in wrapped_func
    result = non_optional_func(*args, **kwargs)
             ^^^^^^^^^^^^^^^^^^^^^^^^^^^^^^^^^^
  File "C:\Users\ACER\AppData\Local\Programs\Python\Python312\Lib\site-packages\streamlit\runtime\state\session_state_proxy.py", line 136, in __setattr__
    self[key] = value
    ~~~~^^^^^
  File "C:\Users\ACER\AppData\Local\Programs\Python\Python312\Lib\site-packages\streamlit\runtime\metrics_util.py", line 698, in wrapped_func
    result = non_optional_func(*args, **kwargs)
             ^^^^^^^^^^^^^^^^^^^^^^^^^^^^^^^^^^
  File "C:\Users\ACER\AppData\Local\Programs\Python\Python312\Lib\site-packages\streamlit\runtime\state\session_state_proxy.py", line 114, in __setitem__
    get_session_state()[key] = value
    ~~~~~~~~~~~~~~~~~~~^^^^^
  File "C:\Users\ACER\AppData\Local\Programs\Python\Python312\Lib\site-packages\streamlit\runtime\state\safe_session_state.py", line 109, in __setitem__
    self._state[key] = value
    ~~~~~~~~~~~^^^^^
  File "C:\Users\ACER\AppData\Local\Programs\Python\Python312\Lib\site-packages\streamlit\runtime\state\session_state.py", line 608, in __setitem__
    raise StreamlitAPIException(
streamlit.errors.StreamlitAPIException: `st.session_state.yr_range` cannot be modified after the widget with key `yr_range` is instantiated.
2026-06-19 16:33:30.764 `label` got an empty value. This is discouraged for accessibility reasons and may be disallowed in the future by raising an exception. Please provide a non-empty label and hide it with label_visibility if needed.
Stack (most recent call last):
  File "C:\Users\ACER\AppData\Local\Programs\Python\Python312\Lib\threading.py", line 1032, in _bootstrap
    self._bootstrap_inner()
  File "C:\Users\ACER\AppData\Local\Programs\Python\Python312\Lib\threading.py", line 1075, in _bootstrap_inner
    self.run()
  File "C:\Users\ACER\AppData\Local\Programs\Python\Python312\Lib\threading.py", line 1012, in run
    self._target(*self._args, **self._kwargs)
  File "C:\Users\ACER\AppData\Local\Programs\Python\Python312\Lib\site-packages\streamlit\runtime\scriptrunner\script_runner.py", line 419, in _run_script_thread
    self._run_script(request.rerun_data)
  File "C:\Users\ACER\AppData\Local\Programs\Python\Python312\Lib\site-packages\streamlit\runtime\scriptrunner\script_runner.py", line 814, in _run_script
    ) = exec_func_with_error_handling(code_to_exec, ctx)
  File "C:\Users\ACER\AppData\Local\Programs\Python\Python312\Lib\site-packages\streamlit\runtime\scriptrunner\exec_code.py", line 129, in exec_func_with_error_handling
    result = func()
  File "C:\Users\ACER\AppData\Local\Programs\Python\Python312\Lib\site-packages\streamlit\runtime\scriptrunner\script_runner.py", line 789, in code_to_exec
    exec(code, module.__dict__)  # noqa: S102
  File "E:\Nepal Economics Insight\app\dashboard.py", line 203, in <module>
    year_range = st.slider("", YEAR_MIN, YEAR_MAX, key="yr_range", label_visibility="collapsed")
  File "C:\Users\ACER\AppData\Local\Programs\Python\Python312\Lib\site-packages\streamlit\runtime\metrics_util.py", line 698, in wrapped_func
    result = non_optional_func(*args, **kwargs)
  File "C:\Users\ACER\AppData\Local\Programs\Python\Python312\Lib\site-packages\streamlit\elements\widgets\slider.py", line 721, in slider
    return self._slider(
  File "C:\Users\ACER\AppData\Local\Programs\Python\Python312\Lib\site-packages\streamlit\elements\widgets\slider.py", line 768, in _slider
    maybe_raise_label_warnings(label, label_visibility)
  File "C:\Users\ACER\AppData\Local\Programs\Python\Python312\Lib\site-packages\streamlit\elements\lib\policies.py", line 194, in maybe_raise_label_warnings
    _LOGGER.warning(
2026-06-19 16:33:30.775 Uncaught app execution
Traceback (most recent call last):
  File "C:\Users\ACER\AppData\Local\Programs\Python\Python312\Lib\site-packages\streamlit\runtime\scriptrunner\exec_code.py", line 129, in exec_func_with_error_handling
    result = func()
             ^^^^^^
  File "C:\Users\ACER\AppData\Local\Programs\Python\Python312\Lib\site-packages\streamlit\runtime\scriptrunner\script_runner.py", line 789, in code_to_exec
    exec(code, module.__dict__)  # noqa: S102
    ^^^^^^^^^^^^^^^^^^^^^^^^^^^
  File "E:\Nepal Economics Insight\app\dashboard.py", line 264, in <module>
    st.session_state.yr_range = (max(YEAR_MIN, YEAR_MAX - 4), YEAR_MAX)
    ^^^^^^^^^^^^^^^^^^^^^^^^^
  File "C:\Users\ACER\AppData\Local\Programs\Python\Python312\Lib\site-packages\streamlit\runtime\metrics_util.py", line 698, in wrapped_func
    result = non_optional_func(*args, **kwargs)
             ^^^^^^^^^^^^^^^^^^^^^^^^^^^^^^^^^^
  File "C:\Users\ACER\AppData\Local\Programs\Python\Python312\Lib\site-packages\streamlit\runtime\state\session_state_proxy.py", line 136, in __setattr__
    self[key] = value
    ~~~~^^^^^
  File "C:\Users\ACER\AppData\Local\Programs\Python\Python312\Lib\site-packages\streamlit\runtime\metrics_util.py", line 698, in wrapped_func
    result = non_optional_func(*args, **kwargs)
             ^^^^^^^^^^^^^^^^^^^^^^^^^^^^^^^^^^
  File "C:\Users\ACER\AppData\Local\Programs\Python\Python312\Lib\site-packages\streamlit\runtime\state\session_state_proxy.py", line 114, in __setitem__
    get_session_state()[key] = value
    ~~~~~~~~~~~~~~~~~~~^^^^^
  File "C:\Users\ACER\AppData\Local\Programs\Python\Python312\Lib\site-packages\streamlit\runtime\state\safe_session_state.py", line 109, in __setitem__
    self._state[key] = value
    ~~~~~~~~~~~^^^^^
  File "C:\Users\ACER\AppData\Local\Programs\Python\Python312\Lib\site-packages\streamlit\runtime\state\session_state.py", line 608, in __setitem__
    raise StreamlitAPIException(
streamlit.errors.StreamlitAPIException: `st.session_state.yr_range` cannot be modified after the widget with key `yr_range` is instantiated.
2026-06-19 16:33:33.350 `label` got an empty value. This is discouraged for accessibility reasons and may be disallowed in the future by raising an exception. Please provide a non-empty label and hide it with label_visibility if needed.
Stack (most recent call last):
  File "C:\Users\ACER\AppData\Local\Programs\Python\Python312\Lib\threading.py", line 1032, in _bootstrap
    self._bootstrap_inner()
  File "C:\Users\ACER\AppData\Local\Programs\Python\Python312\Lib\threading.py", line 1075, in _bootstrap_inner
    self.run()
  File "C:\Users\ACER\AppData\Local\Programs\Python\Python312\Lib\threading.py", line 1012, in run
    self._target(*self._args, **self._kwargs)
  File "C:\Users\ACER\AppData\Local\Programs\Python\Python312\Lib\site-packages\streamlit\runtime\scriptrunner\script_runner.py", line 419, in _run_script_thread
    self._run_script(request.rerun_data)
  File "C:\Users\ACER\AppData\Local\Programs\Python\Python312\Lib\site-packages\streamlit\runtime\scriptrunner\script_runner.py", line 814, in _run_script
    ) = exec_func_with_error_handling(code_to_exec, ctx)
  File "C:\Users\ACER\AppData\Local\Programs\Python\Python312\Lib\site-packages\streamlit\runtime\scriptrunner\exec_code.py", line 129, in exec_func_with_error_handling
    result = func()
  File "C:\Users\ACER\AppData\Local\Programs\Python\Python312\Lib\site-packages\streamlit\runtime\scriptrunner\script_runner.py", line 789, in code_to_exec
    exec(code, module.__dict__)  # noqa: S102
  File "E:\Nepal Economics Insight\app\dashboard.py", line 203, in <module>
    year_range = st.slider("", YEAR_MIN, YEAR_MAX, key="yr_range", label_visibility="collapsed")
  File "C:\Users\ACER\AppData\Local\Programs\Python\Python312\Lib\site-packages\streamlit\runtime\metrics_util.py", line 698, in wrapped_func
    result = non_optional_func(*args, **kwargs)
  File "C:\Users\ACER\AppData\Local\Programs\Python\Python312\Lib\site-packages\streamlit\elements\widgets\slider.py", line 721, in slider
    return self._slider(
  File "C:\Users\ACER\AppData\Local\Programs\Python\Python312\Lib\site-packages\streamlit\elements\widgets\slider.py", line 768, in _slider
    maybe_raise_label_warnings(label, label_visibility)
  File "C:\Users\ACER\AppData\Local\Programs\Python\Python312\Lib\site-packages\streamlit\elements\lib\policies.py", line 194, in maybe_raise_label_warnings
    _LOGGER.warning(
2026-06-19 16:33:33.361 Uncaught app execution
Traceback (most recent call last):
  File "C:\Users\ACER\AppData\Local\Programs\Python\Python312\Lib\site-packages\streamlit\runtime\scriptrunner\exec_code.py", line 129, in exec_func_with_error_handling
    result = func()
             ^^^^^^
  File "C:\Users\ACER\AppData\Local\Programs\Python\Python312\Lib\site-packages\streamlit\runtime\scriptrunner\script_runner.py", line 789, in code_to_exec
    exec(code, module.__dict__)  # noqa: S102
    ^^^^^^^^^^^^^^^^^^^^^^^^^^^
  File "E:\Nepal Economics Insight\app\dashboard.py", line 264, in <module>
    st.session_state.yr_range = (max(YEAR_MIN, YEAR_MAX - 4), YEAR_MAX)
    ^^^^^^^^^^^^^^^^^^^^^^^^^
  File "C:\Users\ACER\AppData\Local\Programs\Python\Python312\Lib\site-packages\streamlit\runtime\metrics_util.py", line 698, in wrapped_func
    result = non_optional_func(*args, **kwargs)
             ^^^^^^^^^^^^^^^^^^^^^^^^^^^^^^^^^^
  File "C:\Users\ACER\AppData\Local\Programs\Python\Python312\Lib\site-packages\streamlit\runtime\state\session_state_proxy.py", line 136, in __setattr__
    self[key] = value
    ~~~~^^^^^
  File "C:\Users\ACER\AppData\Local\Programs\Python\Python312\Lib\site-packages\streamlit\runtime\metrics_util.py", line 698, in wrapped_func
    result = non_optional_func(*args, **kwargs)
             ^^^^^^^^^^^^^^^^^^^^^^^^^^^^^^^^^^
  File "C:\Users\ACER\AppData\Local\Programs\Python\Python312\Lib\site-packages\streamlit\runtime\state\session_state_proxy.py", line 114, in __setitem__
    get_session_state()[key] = value
    ~~~~~~~~~~~~~~~~~~~^^^^^
  File "C:\Users\ACER\AppData\Local\Programs\Python\Python312\Lib\site-packages\streamlit\runtime\state\safe_session_state.py", line 109, in __setitem__
    self._state[key] = value
    ~~~~~~~~~~~^^^^^
  File "C:\Users\ACER\AppData\Local\Programs\Python\Python312\Lib\site-packages\streamlit\runtime\state\session_state.py", line 608, in __setitem__
    raise StreamlitAPIException(
streamlit.errors.StreamlitAPIException: `st.session_state.yr_range` cannot be modified after the widget with key `yr_range` is instantiated.
2026-06-19 16:33:41.602 `label` got an empty value. This is discouraged for accessibility reasons and may be disallowed in the future by raising an exception. Please provide a non-empty label and hide it with label_visibility if needed.
Stack (most recent call last):
  File "C:\Users\ACER\AppData\Local\Programs\Python\Python312\Lib\threading.py", line 1032, in _bootstrap
    self._bootstrap_inner()
  File "C:\Users\ACER\AppData\Local\Programs\Python\Python312\Lib\threading.py", line 1075, in _bootstrap_inner
    self.run()
  File "C:\Users\ACER\AppData\Local\Programs\Python\Python312\Lib\threading.py", line 1012, in run
    self._target(*self._args, **self._kwargs)
  File "C:\Users\ACER\AppData\Local\Programs\Python\Python312\Lib\site-packages\streamlit\runtime\scriptrunner\script_runner.py", line 419, in _run_script_thread
    self._run_script(request.rerun_data)
  File "C:\Users\ACER\AppData\Local\Programs\Python\Python312\Lib\site-packages\streamlit\runtime\scriptrunner\script_runner.py", line 814, in _run_script
    ) = exec_func_with_error_handling(code_to_exec, ctx)
  File "C:\Users\ACER\AppData\Local\Programs\Python\Python312\Lib\site-packages\streamlit\runtime\scriptrunner\exec_code.py", line 129, in exec_func_with_error_handling
    result = func()
  File "C:\Users\ACER\AppData\Local\Programs\Python\Python312\Lib\site-packages\streamlit\runtime\scriptrunner\script_runner.py", line 789, in code_to_exec
    exec(code, module.__dict__)  # noqa: S102
  File "E:\Nepal Economics Insight\app\dashboard.py", line 203, in <module>
    year_range = st.slider("", YEAR_MIN, YEAR_MAX, key="yr_range", label_visibility="collapsed")
  File "C:\Users\ACER\AppData\Local\Programs\Python\Python312\Lib\site-packages\streamlit\runtime\metrics_util.py", line 698, in wrapped_func
    result = non_optional_func(*args, **kwargs)
  File "C:\Users\ACER\AppData\Local\Programs\Python\Python312\Lib\site-packages\streamlit\elements\widgets\slider.py", line 721, in slider
    return self._slider(
  File "C:\Users\ACER\AppData\Local\Programs\Python\Python312\Lib\site-packages\streamlit\elements\widgets\slider.py", line 768, in _slider
    maybe_raise_label_warnings(label, label_visibility)
  File "C:\Users\ACER\AppData\Local\Programs\Python\Python312\Lib\site-packages\streamlit\elements\lib\policies.py", line 194, in maybe_raise_label_warnings
    _LOGGER.warning(
2026-06-19 16:33:41.669 Please replace `use_container_width` with `width`.

`use_container_width` will be removed after 2025-12-31.

For `use_container_width=True`, use `width='stretch'`. For `use_container_width=False`, use `width='content'`.
2026-06-19 16:33:41.710 Please replace `use_container_width` with `width`.

`use_container_width` will be removed after 2025-12-31.

For `use_container_width=True`, use `width='stretch'`. For `use_container_width=False`, use `width='content'`.
2026-06-19 16:33:41.719 Please replace `use_container_width` with `width`.

`use_container_width` will be removed after 2025-12-31.

For `use_container_width=True`, use `width='stretch'`. For `use_container_width=False`, use `width='content'`.
2026-06-19 16:33:41.748 Please replace `use_container_width` with `width`.

`use_container_width` will be removed after 2025-12-31.

For `use_container_width=True`, use `width='stretch'`. For `use_container_width=False`, use `width='content'`.
2026-06-19 16:33:41.773 Please replace `use_container_width` with `width`.

`use_container_width` will be removed after 2025-12-31.

For `use_container_width=True`, use `width='stretch'`. For `use_container_width=False`, use `width='content'`.
2026-06-19 16:33:41.793 Please replace `use_container_width` with `width`.

`use_container_width` will be removed after 2025-12-31.

For `use_container_width=True`, use `width='stretch'`. For `use_container_width=False`, use `width='content'`.
2026-06-19 16:33:41.833 Please replace `use_container_width` with `width`.

`use_container_width` will be removed after 2025-12-31.

For `use_container_width=True`, use `width='stretch'`. For `use_container_width=False`, use `width='content'`.
2026-06-19 16:33:41.884 Please replace `use_container_width` with `width`.

`use_container_width` will be removed after 2025-12-31.

For `use_container_width=True`, use `width='stretch'`. For `use_container_width=False`, use `width='content'`.
2026-06-19 16:33:41.918 Please replace `use_container_width` with `width`.

`use_container_width` will be removed after 2025-12-31.

For `use_container_width=True`, use `width='stretch'`. For `use_container_width=False`, use `width='content'`.
2026-06-19 16:33:41.952 Please replace `use_container_width` with `width`.

`use_container_width` will be removed after 2025-12-31.

For `use_container_width=True`, use `width='stretch'`. For `use_container_width=False`, use `width='content'`.
2026-06-19 16:33:41.988 Please replace `use_container_width` with `width`.

`use_container_width` will be removed after 2025-12-31.

For `use_container_width=True`, use `width='stretch'`. For `use_container_width=False`, use `width='content'`.
2026-06-19 16:33:42.011 Please replace `use_container_width` with `width`.

`use_container_width` will be removed after 2025-12-31.

For `use_container_width=True`, use `width='stretch'`. For `use_container_width=False`, use `width='content'`.
2026-06-19 16:33:42.017 Please replace `use_container_width` with `width`.

`use_container_width` will be removed after 2025-12-31.

For `use_container_width=True`, use `width='stretch'`. For `use_container_width=False`, use `width='content'`.
